13:27 Datmar    : lo
13:27 Datmar    : alo
13:27 Datmar    : tat sever cho no luu di
22:11 ChimzDaPoet: =))
22:12 ChimzDaPoet: ra ne :v
22:17 TrieuVeGa  : \\wand
22:18 TrieuVeGa  : copy
22:18 TrieuVeGa  : \\copy
22:18 TrieuVeGa  : cm
22:28 TrieuVeGa  : 2049
22:28 TrieuVeGa  : 2048
22:28 TrieuVeGa  : 2048
22:28 TrieuVeGa  : 2048
22:29 TrieuVeGa  : 2048
22:35 ChimzDaPoet: netherite_pickaxe
22:35 ChimzDaPoet: efficiency 15
22:35 ChimzDaPoet: fortune 3
22:39 PanFu      : có ai biết config cái power board custom lại đi cho đẹp
22:39 TrieuVeGa  : ýe
22:42 ChimzDaPoet: fire rage
22:42 ChimzDaPoet: left_click
22:42 ChimzDaPoet: 800
22:42 zriptobin  : 100
22:42 zriptobin  : 0.1
22:42 ChimzDaPoet: shift_left_click
22:43 ChimzDaPoet: shadow veil
22:43 ChimzDaPoet: 0
22:44 ChimzDaPoet: 10
22:44 ChimzDaPoet: shadow veil
22:44 PanFu      : ai bat nhac vay
22:44 PanFu      : tat nhac di
22:44 ChimzDaPoet: right_click
23:22 NinjaLangLa: up 100
23:25 ChimzDaPoet: ./shopkeeper citizen
23:32 ChimzDaPoet: &e màu vàng
23:34 NinjaLangLa: awdawd
23:35 ChimzDaPoet: &aMàu xanh nhạt
23:35 ChimzDaPoet: &6 Màu cam
23:35 ChimzDaPoet: &4.
23:35 NinjaLangLa: &3awdawdawd
23:36 ChimzDaPoet: &4Màu đỏ &f+ &eMàu vàng &f= &6Màu cam
