23:57 TrieuVeGa : test
23:57 TrieuVeGa : test
00:15 TrieuVeGa : test
00:16 TrieuVeGa : test
00:51 TrieuVeGa : skins
00:52 TrieuVeGa : \skins
01:06 PanFu     : ✨
01:06 PanFu     : ✪
01:06 PanFu     : ❁
01:24 TrieuVeGa : test
01:24 TrieuVeGa : test
01:25 TrieuVeGa : test
01:25 TrieuVeGa : test
01:25 TrieuVeGa : test
01:25 TrieuVeGa : test
01:26 PanFu     : /pm trieuvega 123456 
01:35 TrieuVeGa : test
01:37 TrieuVeGa : test
01:38 TrieuVeGa : /w PanFu test 
01:41 TrieuVeGa : test
01:42 TrieuVeGa : /g test 
01:42 TrieuVeGa : test
01:42 TrieuVeGa : /pm 
01:43 TrieuVeGa : /pm PanFu test 
01:43 TrieuVeGa : /w PanFu test 
01:43 TrieuVeGa : test
01:43 PanFu     : /r asdasd 
01:43 PanFu     : asdasd
01:43 PanFu     : asdasdasd
01:44 TrieuVeGa : /w panfu test 
01:44 TrieuVeGa : test
01:44 TrieuVeGa : /pm panfu test 
01:45 TrieuVeGa : test
01:46 TrieuVeGa : test
01:46 TrieuVeGa : /pm panfu test 
01:46 TrieuVeGa : /w panfu test 
01:46 TrieuVeGa : test
02:39 TrieuVeGa : \cm gui
