20:54 ChimzDaPoet: 0
20:54 ChimzDaPoet: 1800
20:55 PanFu      : cái code màu xem ở đâu thế
20:55 ChimzDaPoet: &6 như này hả
20:55 PanFu      : cho t đổi cái màu chữ cái
20:55 ChimzDaPoet: &a hay là như này
20:55 ChimzDaPoet: &b như này
20:55 PanFu      : hay khoe quá lẹ đi cha nội
20:55 ChimzDaPoet: &e hay là như này
20:55 PanFu      : chắc band thằng này quá V:
20:55 ChimzDaPoet: ,thì cái bảng màu nãy là đúng r
20:55 ChimzDaPoet: thay vì 2 chữ S chồng nhau thì thay thành & là đc
20:56 PanFu      : ủa sao thấy trong config thấy nó khác mà ta V:
20:56 ChimzDaPoet: &1.
20:56 ChimzDaPoet: &123123
20:56 ChimzDaPoet: &223123
20:56 ChimzDaPoet: &323123
20:56 ChimzDaPoet: z đó
20:56 PanFu      : là sao cha nội
20:56 ChimzDaPoet: =)) ơ
20:56 ChimzDaPoet: :v mở bảng màu lên
20:56 ChimzDaPoet: ,đấy
20:56 PanFu      : casi nafy ha
20:56 ChimzDaPoet: .đúng r
20:56 ChimzDaPoet: :v ví dụ đi
20:56 PanFu      : ok hieu roi do
20:57 ChimzDaPoet: ,hiểu thì làm thử đi
20:57 PanFu      : &1 :V
20:57 ChimzDaPoet: ,ừ đấy
20:57 PanFu      : đang test config để lát up lên github
21:14 ChimzDaPoet: 0
21:15 ChimzDaPoet: Thunder
22:56 PanFu     : a
