21:01 TrieuVeGa : tp
21:01 TrieuVeGa : cancel
21:03 TrieuVeGa : 10
21:07 Datmar    : wooden sword
21:07 TrieuVeGa : wooden_sword
21:07 Datmar    : Wooden Sword
21:15 Datmar    : Snail Sword
21:16 gundam001 : wood
21:17 Datmar    : wooden sword
21:18 Datmar    : 20
21:35 Datmar    : stone sword
21:35 Datmar    : 30
21:35 Datmar    : 40
21:36 Datmar    : iron sword
21:37 Datmar    : golden sword
21:37 Datmar    : 50
21:37 Datmar    : 60
21:37 Datmar    : diamond sword
21:37 Datmar    : 85
21:37 Datmar    : netherite sword
