23:57 TrieuVeGa : test
23:57 TrieuVeGa : test
00:15 TrieuVeGa : test
00:16 TrieuVeGa : test
00:51 TrieuVeGa : skins
00:52 TrieuVeGa : \skins
01:06 PanFu     : ✨
01:06 PanFu     : ✪
01:06 PanFu     : ❁
01:24 TrieuVeGa : test
01:24 TrieuVeGa : test
01:25 TrieuVeGa : test
01:25 TrieuVeGa : test
01:25 TrieuVeGa : test
01:25 TrieuVeGa : test
01:26 PanFu     : /pm trieuvega 123456 
01:35 TrieuVeGa : test
01:37 TrieuVeGa : test
01:38 TrieuVeGa : /w PanFu test 
01:41 TrieuVeGa : test
01:42 TrieuVeGa : /g test 
01:42 TrieuVeGa : test
01:42 TrieuVeGa : /pm 
01:43 TrieuVeGa : /pm PanFu test 
01:43 TrieuVeGa : /w PanFu test 
01:43 TrieuVeGa : test
01:43 PanFu     : /r asdasd 
01:43 PanFu     : asdasd
01:43 PanFu     : asdasdasd
01:44 TrieuVeGa : /w panfu test 
01:44 TrieuVeGa : test
01:44 TrieuVeGa : /pm panfu test 
01:45 TrieuVeGa : test
01:46 TrieuVeGa : test
01:46 TrieuVeGa : /pm panfu test 
01:46 TrieuVeGa : /w panfu test 
01:46 TrieuVeGa : test
02:39 TrieuVeGa : \cm gui
20:25 zriptobin :  placed a sign @ world: x53, z389
  a
20:49 Datmar    : fasd
21:03 Datmar    : 26
21:03 Datmar    : 26
21:03 Datmar    : 10
22:48 TrieuVeGa : /msg PanFu test 
22:48 TrieuVeGa : test
22:48 TrieuVeGa : /w PanFu test 
22:48 TrieuVeGa : test
22:48 TrieuVeGa : /pm PanFu test 
22:49 TrieuVeGa : /w PanFu test 
22:49 TrieuVeGa : test
22:50 TrieuVeGa : /w PanFu test 
22:50 TrieuVeGa : test
23:01 TrieuVeGa : 100
23:05 PanFu     : /pm trieuvega 1234 
23:05 PanFu     : /pm trieuvega 1234 
23:05 TrieuVeGa : /pm PanFu test 
23:05 TrieuVeGa : /w Panfu test 
23:05 TrieuVeGa : test
23:05 PanFu     : asdasd
23:05 PanFu     : /pm TrieuVeGa adasasd 
